2025-10-03 10:40:21,446 - INFO - Setting up browser...
2025-10-03 10:40:27,673 - INFO - Browser ready
2025-10-03 10:40:27,674 - INFO - Logging into Facebook...
2025-10-03 10:40:55,178 - INFO - Login successful!
2025-10-03 10:42:02,653 - INFO - Scraping category: TECHNOLOGY
2025-10-03 10:42:02,653 - INFO - Search terms: technology, tech, innovation
2025-10-03 10:42:02,653 - INFO - 
[1/3] Searching: technology
2025-10-03 10:43:11,799 - INFO - Found 9 posts for 'technology'
2025-10-03 10:43:15,160 - INFO - 
[2/3] Searching: tech
2025-10-03 10:45:31,487 - INFO - Found 3 posts for 'tech'
2025-10-03 10:45:35,662 - INFO - 
[3/3] Searching: innovation
2025-10-03 10:51:34,958 - INFO - Found 3 posts for 'innovation'
2025-10-03 10:51:39,562 - INFO - 
Collected 26 unique hashtags for technology
2025-10-03 10:51:39,568 - INFO - Saved to facebook_top10_technology_20251003_105139.json
2025-10-03 10:51:41,892 - INFO - HTTP Request: POST https://rnrnbbxnmtajjxscawrc.supabase.co/rest/v1/facebook_trending_hashtags?columns=%22hashtag%22%2C%22post_count%22%2C%22sentiment%22%2C%22scraped_date%22%2C%22hashtag_url%22%2C%22total_engagement%22%2C%22category%22%2C%22avg_engagement%22%2C%22engagement_score%22 "HTTP/2 201 Created"
2025-10-03 10:51:41,896 - INFO - Saved to Supabase!
2025-10-03 10:51:42,326 - INFO - Cleanup completed
2025-10-03 10:56:06,499 - INFO - Setting up browser...
2025-10-03 10:56:12,546 - INFO - Browser ready
2025-10-03 10:56:12,547 - INFO - Logging into Facebook...
2025-10-03 10:56:43,886 - INFO - Login successful!
2025-10-03 10:57:14,355 - INFO - Scraping category: TECHNOLOGY
2025-10-03 10:57:14,355 - INFO - Search terms: technology, tech, innovation
2025-10-03 10:57:14,355 - INFO - 
[1/3] Searching: technology
2025-10-03 10:59:34,234 - INFO - Found 6 posts for 'technology'
2025-10-03 10:59:37,562 - INFO - 
[2/3] Searching: tech
2025-10-03 11:08:11,249 - INFO - Found 3 posts for 'tech'
2025-10-03 11:08:15,041 - INFO - 
[3/3] Searching: innovation
2025-10-03 11:09:11,127 - INFO - Found 8 posts for 'innovation'
2025-10-03 11:09:15,665 - INFO - 
Collected 29 unique hashtags for technology
2025-10-03 11:09:15,672 - INFO - Saved to facebook_top10_technology_20251003_110915.json
2025-10-03 11:09:17,919 - INFO - HTTP Request: POST https://rnrnbbxnmtajjxscawrc.supabase.co/rest/v1/facebook_trending_hashtags?columns=%22scraped_date%22%2C%22hashtag%22%2C%22post_count%22%2C%22sentiment%22%2C%22total_engagement%22%2C%22hashtag_url%22%2C%22category%22%2C%22avg_engagement%22%2C%22engagement_score%22 "HTTP/2 201 Created"
2025-10-03 11:09:17,922 - INFO - Saved to Supabase!
2025-10-03 11:09:18,564 - INFO - Cleanup completed
2025-10-03 11:26:15,347 - INFO - Setting up browser...
2025-10-03 11:26:25,285 - INFO - Browser ready
2025-10-03 11:26:25,286 - INFO - Logging into Facebook...
2025-10-03 11:26:54,018 - INFO - Login successful!
2025-10-03 11:27:26,204 - INFO - Scraping category: SPORTS
2025-10-03 11:27:26,205 - INFO - Search terms: sports, football, basketball
2025-10-03 11:27:26,205 - INFO - 
[1/3] Searching: sports
2025-10-03 11:31:47,322 - INFO - Found 6 posts for 'sports'
2025-10-03 11:31:52,201 - INFO - 
[2/3] Searching: football
2025-10-03 11:38:59,933 - INFO - Found 4 posts for 'football'
2025-10-03 11:39:04,323 - INFO - 
[3/3] Searching: basketball
2025-10-03 11:43:23,530 - INFO - Found 5 posts for 'basketball'
2025-10-03 11:43:26,693 - INFO - 
Collected 29 unique hashtags for sports
2025-10-03 11:43:26,721 - INFO - Saved to facebook_top10_sports_20251003_114326.json
2025-10-03 11:43:30,215 - INFO - HTTP Request: POST https://rnrnbbxnmtajjxscawrc.supabase.co/rest/v1/facebook_trending_hashtags?columns=%22hashtag%22%2C%22sentiment%22%2C%22hashtag_url%22%2C%22total_engagement%22%2C%22avg_engagement%22%2C%22category%22%2C%22post_count%22%2C%22scraped_date%22%2C%22engagement_score%22 "HTTP/2 201 Created"
2025-10-03 11:43:30,221 - INFO - Saved to Supabase!
2025-10-03 11:43:31,050 - INFO - Cleanup completed
2025-10-03 11:48:44,247 - INFO - Setting up browser...
2025-10-03 11:48:54,138 - INFO - Browser ready
2025-10-03 11:48:54,139 - INFO - Logging into Facebook...
2025-10-03 11:49:22,601 - INFO - Login successful!
2025-10-03 11:49:36,382 - INFO - Scraping category: TECHNOLOGY
2025-10-03 11:49:36,383 - INFO - Search terms: technology, tech, innovation
2025-10-03 11:49:36,383 - INFO - 
[1/3] Searching: technology
2025-10-03 11:53:55,417 - INFO - Found 6 posts for 'technology'
2025-10-03 11:54:00,044 - INFO - 
[2/3] Searching: tech
2025-10-03 12:06:47,664 - INFO - Found 3 posts for 'tech'
2025-10-03 12:06:50,837 - INFO - 
[3/3] Searching: innovation
2025-10-03 12:21:01,283 - INFO - Found 8 posts for 'innovation'
2025-10-03 12:21:05,386 - INFO - 
Collected 32 unique hashtags for technology
2025-10-03 12:21:05,402 - INFO - Saved to facebook_top10_technology_20251003_122105.json
2025-10-03 12:21:08,688 - INFO - HTTP Request: POST https://rnrnbbxnmtajjxscawrc.supabase.co/rest/v1/facebook_trending_hashtags?columns=%22avg_engagement%22%2C%22engagement_score%22%2C%22category%22%2C%22total_engagement%22%2C%22post_count%22%2C%22hashtag%22%2C%22hashtag_url%22%2C%22scraped_date%22%2C%22sentiment%22 "HTTP/2 201 Created"
2025-10-03 12:21:08,693 - INFO - Saved to Supabase!
2025-10-03 12:21:09,688 - INFO - Cleanup completed
2025-10-03 12:38:45,602 - INFO - Setting up browser...
2025-10-03 12:38:55,826 - INFO - Browser ready
2025-10-03 12:38:55,827 - INFO - Logging into Facebook...
2025-10-03 12:39:37,838 - INFO - Login successful!
2025-10-03 12:39:53,193 - INFO - Scraping category: TECHNOLOGY
2025-10-03 12:39:53,194 - INFO - Search terms: technology, tech, innovation
2025-10-03 12:39:53,194 - INFO - 
[1/3] Searching: technology
2025-10-03 12:44:12,366 - INFO - Found 6 posts for 'technology'
2025-10-03 12:44:16,459 - INFO - 
[2/3] Searching: tech
2025-10-03 12:46:28,955 - INFO - Found 3 posts for 'tech'
2025-10-03 12:46:33,742 - INFO - 
[3/3] Searching: innovation
2025-10-03 12:52:38,086 - INFO - Found 6 posts for 'innovation'
2025-10-03 12:52:42,742 - INFO - 
Collected 25 unique hashtags for technology
2025-10-03 12:52:42,754 - INFO - ✅ Saved to facebook_top10_technology_20251003_125242.json
2025-10-03 12:52:44,615 - INFO - HTTP Request: POST https://rnrnbbxnmtajjxscawrc.supabase.co/rest/v1/facebook_trending_hashtags?columns=%22hashtag%22%2C%22trending_score%22%2C%22engagement_score%22%2C%22is_estimated%22%2C%22hashtag_url%22%2C%22scraped_date%22%2C%22avg_engagement%22%2C%22sentiment%22%2C%22total_engagement%22%2C%22post_count%22%2C%22category%22 "HTTP/2 400 Bad Request"
2025-10-03 12:52:44,625 - WARNING - ⚠️ Supabase save failed: {'message': "Could not find the 'is_estimated' column of 'facebook_trending_hashtags' in the schema cache", 'code': 'PGRST204', 'hint': None, 'details': None}
2025-10-03 12:53:31,940 - INFO - Cleanup completed
2025-10-03 12:59:03,717 - INFO - Setting up browser...
2025-10-03 12:59:09,607 - INFO - Browser ready
2025-10-03 12:59:09,607 - INFO - Logging into Facebook...
2025-10-03 13:00:50,013 - ERROR - Login error: Locator.click: Timeout 60000ms exceeded.
Call log:
  - waiting for locator("#pass").first
    - locator resolved to <input id="pass" name="pass" type="password" aria-label="Password" placeholder="Password" data-testid="royal-pass" class="inputtext _55r1 _6luy _9npi"/>
  - attempting click action
    - waiting for element to be visible, enabled and stable
    - element is visible, enabled and stable
    - scrolling into view if needed
    - done scrolling
    - performing click action

2025-10-03 13:00:50,649 - INFO - Cleanup completed
2025-10-03 13:00:56,366 - INFO - Setting up browser...
2025-10-03 13:01:02,329 - INFO - Browser ready
2025-10-03 13:01:02,329 - INFO - Logging into Facebook...
2025-10-03 13:01:30,379 - INFO - Login successful!
2025-10-03 13:01:47,956 - INFO - Scraping category: SPORTS
2025-10-03 13:01:47,956 - INFO - Search terms: sports, football, basketball
2025-10-03 13:01:47,956 - INFO - 
[1/3] Searching: sports
2025-10-03 13:03:18,383 - INFO - Found 14 posts for 'sports'
2025-10-03 13:03:22,561 - INFO - 
[2/3] Searching: football
2025-10-03 13:04:31,034 - INFO - Found 3 posts for 'football'
2025-10-03 13:04:34,711 - INFO - 
[3/3] Searching: basketball
2025-10-03 13:07:44,959 - INFO - Found 12 posts for 'basketball'
2025-10-03 13:07:49,525 - INFO - 
Collected 63 unique hashtags for sports
2025-10-03 13:07:49,540 - INFO - ✅ Saved to facebook_top10_sports_20251003_130749.json
2025-10-03 13:07:51,685 - INFO - HTTP Request: POST https://rnrnbbxnmtajjxscawrc.supabase.co/rest/v1/facebook_trending_hashtags?columns=%22hashtag%22%2C%22avg_engagement%22%2C%22is_estimated%22%2C%22trending_score%22%2C%22post_count%22%2C%22total_engagement%22%2C%22sentiment%22%2C%22scraped_date%22%2C%22category%22%2C%22engagement_score%22%2C%22hashtag_url%22 "HTTP/2 404 Not Found"
2025-10-03 13:07:51,686 - WARNING - ⚠️ Supabase save failed: {'message': "Could not find the table 'public.facebook_trending_hashtags' in the schema cache", 'code': 'PGRST205', 'hint': None, 'details': None}
2025-10-03 13:08:20,623 - INFO - Cleanup completed
2025-10-03 13:16:11,019 - INFO - Setting up browser...
2025-10-03 13:16:17,147 - INFO - Browser ready
2025-10-03 13:16:17,147 - INFO - Logging into Facebook...
2025-10-03 13:16:48,703 - INFO - Login successful!
2025-10-03 13:17:01,371 - INFO - Scraping category: TECHNOLOGY
2025-10-03 13:17:01,371 - INFO - Search terms: technology, tech, innovation
2025-10-03 13:17:01,371 - INFO - 
[1/3] Searching: technology
2025-10-03 13:21:20,042 - INFO - Found 6 posts for 'technology'
2025-10-03 13:21:24,946 - INFO - 
[2/3] Searching: tech
2025-10-03 13:30:12,729 - INFO - Found 5 posts for 'tech'
2025-10-03 13:30:15,949 - INFO - 
[3/3] Searching: innovation
2025-10-03 13:30:35,934 - INFO - Found 8 posts for 'innovation'
2025-10-03 13:30:39,907 - INFO - 
Collected 26 unique hashtags for technology
2025-10-03 13:30:39,921 - INFO - ✅ Saved to facebook_top10_technology_20251003_133039.json
2025-10-03 13:30:41,899 - INFO - HTTP Request: POST https://rnrnbbxnmtajjxscawrc.supabase.co/rest/v1/facebook_trending_hashtags?columns=%22hashtag_url%22%2C%22scraped_date%22%2C%22sentiment%22%2C%22total_engagement%22%2C%22hashtag%22%2C%22engagement_score%22%2C%22avg_engagement%22%2C%22trending_score%22%2C%22is_estimated%22%2C%22category%22%2C%22post_count%22 "HTTP/2 404 Not Found"
2025-10-03 13:30:41,900 - WARNING - ⚠️ Supabase save failed: {'message': "Could not find the table 'public.facebook_trending_hashtags' in the schema cache", 'code': 'PGRST205', 'hint': None, 'details': None}
2025-10-03 13:32:43,825 - INFO - Cleanup completed
2025-10-03 13:39:29,177 - INFO - Setting up browser...
2025-10-03 13:39:51,468 - INFO - Browser ready
2025-10-03 13:39:51,469 - INFO - Logging into Facebook...
2025-10-03 13:40:25,585 - INFO - Login successful!
2025-10-03 13:41:23,747 - INFO - Scraping category: TECHNOLOGY
2025-10-03 13:41:23,747 - INFO - Search terms: technology, tech, innovation
2025-10-03 13:41:23,748 - INFO - 
[1/3] Searching: technology
2025-10-03 13:45:42,579 - INFO - Found 6 posts for 'technology'
2025-10-03 13:45:47,387 - INFO - 
[2/3] Searching: tech
2025-10-03 13:58:34,332 - INFO - Found 5 posts for 'tech'
2025-10-03 13:58:37,474 - INFO - 
[3/3] Searching: innovation
2025-10-03 14:25:33,657 - INFO - Found 6 posts for 'innovation'
2025-10-03 14:25:37,934 - INFO - 
Collected 29 unique hashtags for technology
2025-10-03 14:25:37,965 - INFO - ✅ Saved to facebook_top10_technology_20251003_142537.json
2025-10-03 14:25:41,657 - INFO - HTTP Request: POST https://rnrnbbxnmtajjxscawrc.supabase.co/rest/v1/facebook?columns=%22category%22%2C%22engagement_score%22%2C%22trending_score%22%2C%22hashtag_url%22%2C%22hashtag%22%2C%22total_engagement%22%2C%22avg_engagement%22%2C%22is_estimated%22%2C%22scraped_date%22%2C%22post_count%22%2C%22sentiment%22 "HTTP/2 400 Bad Request"
2025-10-03 14:25:41,660 - WARNING - ⚠️ Supabase save failed: {'message': "Could not find the 'avg_engagement' column of 'facebook' in the schema cache", 'code': 'PGRST204', 'hint': None, 'details': None}
2025-10-03 14:26:16,935 - INFO - Cleanup completed
2025-10-03 16:33:58,266 - INFO - Setting up browser...
2025-10-03 16:34:20,557 - INFO - Browser ready
2025-10-03 16:34:20,558 - INFO - Logging into Facebook...
2025-10-03 16:34:56,753 - INFO - Login successful!
2025-10-03 16:36:32,252 - INFO - Scraping category: TECHNOLOGY
2025-10-03 16:36:32,253 - INFO - Search terms: technology, tech, innovation
2025-10-03 16:36:32,253 - INFO - 
[1/3] Searching: technology
2025-10-03 16:38:09,397 - INFO - Found 7 posts for 'technology'
2025-10-03 16:38:13,394 - INFO - 
[2/3] Searching: tech
2025-10-03 16:38:57,055 - INFO - Found 5 posts for 'tech'
2025-10-03 16:39:01,516 - INFO - 
[3/3] Searching: innovation
2025-10-03 16:40:03,742 - INFO - Found 8 posts for 'innovation'
2025-10-03 16:40:08,279 - INFO - 
Collected 32 unique hashtags for technology
2025-10-03 16:40:08,359 - INFO - ✅ Saved to facebook_top10_technology_20251003_164008.json
2025-10-03 16:40:12,216 - INFO - HTTP Request: POST https://rnrnbbxnmtajjxscawrc.supabase.co/rest/v1/facebook?columns=%22is_estimated%22%2C%22category%22%2C%22scraped_date%22%2C%22topic%22%2C%22sentiment%22%2C%22trending_score%22%2C%22avg_engagement%22%2C%22total_engagement%22%2C%22version_id%22%2C%22post_count%22%2C%22metadata%22%2C%22hashtag_url%22%2C%22engagement_score%22 "HTTP/2 400 Bad Request"
2025-10-03 16:40:12,219 - WARNING - ⚠️ Supabase save failed: {'message': "Could not find the 'avg_engagement' column of 'facebook' in the schema cache", 'code': 'PGRST204', 'hint': None, 'details': None}
2025-10-03 16:40:18,232 - INFO - Cleanup completed
2025-10-03 17:09:35,306 - INFO - Setting up browser...
2025-10-03 17:09:41,428 - INFO - Browser ready
2025-10-03 17:09:41,428 - INFO - Logging into Facebook...
2025-10-03 17:10:13,969 - INFO - Login successful!
2025-10-03 17:10:44,591 - INFO - Scraping category: TECHNOLOGY
2025-10-03 17:10:44,591 - INFO - Search terms: technology, tech, innovation
2025-10-03 17:10:44,591 - INFO - 
[1/3] Searching: technology
2025-10-03 17:15:05,021 - INFO - Found 3 posts for 'technology'
2025-10-03 17:15:08,952 - INFO - 
[2/3] Searching: tech
2025-10-03 17:16:07,980 - INFO - Found 5 posts for 'tech'
2025-10-03 17:16:11,573 - INFO - 
[3/3] Searching: innovation
2025-10-03 17:17:03,737 - INFO - Found 6 posts for 'innovation'
2025-10-03 17:17:07,801 - INFO - 
Collected 38 unique hashtags for technology
2025-10-03 17:17:07,813 - INFO - ✅ Saved to facebook_top10_technology_20251003_171707.json
2025-10-03 17:17:10,007 - INFO - HTTP Request: POST https://rnrnbbxnmtajjxscawrc.supabase.co/rest/v1/facebook?columns=%22views%22%2C%22sentiment_polarity%22%2C%22engagement_score%22%2C%22sentiment_label%22%2C%22posts%22%2C%22topic%2Fhashtag%22%2C%22metadata%22%2C%22platform%22%2C%22version_id%22 "HTTP/2 201 Created"
2025-10-03 17:17:10,010 - INFO - ✅ Saved 10 records to Supabase!
2025-10-03 17:17:10,010 - INFO - 📋 Version ID: 81ba973c-b968-42d4-a2ae-82bfce755e61
2025-10-03 17:17:14,833 - INFO - Cleanup completed
2025-10-03 17:45:41,647 - INFO - Setting up browser...
2025-10-03 17:45:49,265 - INFO - Browser ready
2025-10-03 17:45:49,266 - INFO - Logging into Facebook...
2025-10-03 17:46:26,754 - INFO - Login successful!
2025-10-03 17:46:52,968 - INFO - Scraping category: TECHNOLOGY
2025-10-03 17:46:52,968 - INFO - Search terms: technology, tech, innovation
2025-10-03 17:46:52,968 - INFO - 
[1/3] Searching: technology
2025-10-03 17:48:52,619 - INFO - Extracted 15 posts after 6 scrolls
2025-10-03 17:48:52,619 - INFO - Found 15 posts for 'technology'
2025-10-03 17:48:56,518 - INFO - 
[2/3] Searching: tech
2025-10-03 17:49:11,031 - INFO - Extracted 2 posts after 2 scrolls
2025-10-03 17:49:11,031 - INFO - Found 2 posts for 'tech'
2025-10-03 17:49:14,015 - INFO - 
[3/3] Searching: innovation
2025-10-03 17:49:34,202 - INFO - Extracted 13 posts after 6 scrolls
2025-10-03 17:49:34,202 - INFO - Found 13 posts for 'innovation'
2025-10-03 17:49:38,074 - INFO - 
Collected 46 unique hashtags for technology
2025-10-03 17:49:38,087 - INFO - Saved to facebook_top10_technology_20251003_174938.json
2025-10-03 17:49:40,698 - INFO - HTTP Request: POST https://rnrnbbxnmtajjxscawrc.supabase.co/rest/v1/facebook?columns=%22posts%22%2C%22views%22%2C%22topic%2Fhashtag%22%2C%22metadata%22%2C%22sentiment_polarity%22%2C%22platform%22%2C%22engagement_score%22%2C%22version_id%22%2C%22sentiment_label%22 "HTTP/2 201 Created"
2025-10-03 17:49:40,701 - INFO - Saved 10 records to Supabase!
2025-10-03 17:49:40,701 - INFO - Version ID: b332c9c0-d0e8-43a3-8b73-735775007cee
2025-10-03 17:50:14,371 - INFO - Cleanup completed
2025-10-04 01:29:43,183 - INFO - Setting up browser...
2025-10-04 01:29:50,296 - INFO - Browser ready
2025-10-04 01:29:50,297 - INFO - Logging into Facebook...
2025-10-04 01:30:22,059 - INFO - Login successful!
2025-10-04 01:30:28,520 - INFO - Scraping category: TECHNOLOGY
2025-10-04 01:30:28,520 - INFO - Search terms: technology, tech, innovation
2025-10-04 01:30:28,520 - INFO - 
[1/3] Searching: technology
2025-10-04 01:34:57,963 - INFO - Extracted 15 posts after 6 scrolls
2025-10-04 01:34:57,964 - INFO - Found 15 posts for 'technology'
2025-10-04 01:35:00,670 - INFO - 
[2/3] Searching: tech
2025-10-04 01:35:21,147 - INFO - Extracted 10 posts after 6 scrolls
2025-10-04 01:35:21,147 - INFO - Found 10 posts for 'tech'
2025-10-04 01:35:24,063 - INFO - 
[3/3] Searching: innovation
2025-10-04 01:35:44,190 - INFO - Extracted 12 posts after 6 scrolls
2025-10-04 01:35:44,190 - INFO - Found 12 posts for 'innovation'
2025-10-04 01:35:47,716 - INFO - 
Collected 62 unique hashtags for technology
2025-10-04 01:35:47,724 - INFO - Saved to facebook_top10_technology_20251004_013547.json
2025-10-04 01:35:49,386 - INFO - HTTP Request: POST https://rnrnbbxnmtajjxscawrc.supabase.co/rest/v1/facebook?columns=%22engagement_score%22%2C%22views%22%2C%22metadata%22%2C%22sentiment_label%22%2C%22platform%22%2C%22sentiment_polarity%22%2C%22version_id%22%2C%22posts%22%2C%22topic%2Fhashtag%22 "HTTP/2 201 Created"
2025-10-04 01:35:49,389 - INFO - Saved 10 records to Supabase!
2025-10-04 01:35:49,389 - INFO - Version ID: b4bf20bf-3aec-49a4-8dab-697710d05f2d
2025-10-04 01:35:56,991 - INFO - Cleanup completed
2025-10-04 23:26:51,644 - INFO - Setting up browser...
2025-10-04 23:27:02,588 - INFO - Browser ready
2025-10-04 23:27:02,589 - INFO - Logging into Facebook...
2025-10-04 23:27:32,868 - INFO - Login successful!
2025-10-04 23:27:35,870 - INFO - Scraping category: TECHNOLOGY
2025-10-04 23:27:35,870 - INFO - Search terms: technology, tech, innovation
2025-10-04 23:27:35,870 - INFO - 
[1/3] Searching: technology
2025-10-04 23:27:57,402 - INFO - Extracted 5 posts after 2 scrolls
2025-10-04 23:27:57,403 - INFO - Found 5 posts for 'technology'
2025-10-04 23:28:01,351 - INFO - 
[2/3] Searching: tech
2025-10-04 23:28:16,611 - INFO - Extracted 4 posts after 3 scrolls
2025-10-04 23:28:16,611 - INFO - Found 4 posts for 'tech'
2025-10-04 23:28:19,055 - INFO - 
[3/3] Searching: innovation
2025-10-04 23:28:38,848 - INFO - Extracted 11 posts after 5 scrolls
2025-10-04 23:28:38,848 - INFO - Found 11 posts for 'innovation'
2025-10-04 23:28:40,899 - INFO - 
Collected 34 unique hashtags for technology
2025-10-04 23:28:40,910 - INFO - Saved to facebook_top10_technology_20251004_232840.json
2025-10-04 23:28:44,027 - INFO - HTTP Request: POST https://rnrnbbxnmtajjxscawrc.supabase.co/rest/v1/facebook?columns=%22sentiment_polarity%22%2C%22sentiment_label%22%2C%22metadata%22%2C%22version_id%22%2C%22platform%22%2C%22posts%22%2C%22topic%2Fhashtag%22%2C%22engagement_score%22%2C%22views%22 "HTTP/2 201 Created"
2025-10-04 23:28:44,037 - INFO - Saved 10 records to Supabase!
2025-10-04 23:28:44,037 - INFO - Version ID: f5b66bff-89a9-4bae-b586-496be4cb058e
2025-10-04 23:29:43,763 - INFO - Cleanup completed
2025-10-05 00:20:32,412 - INFO - Setting up browser...
2025-10-05 00:20:43,394 - INFO - Browser ready
2025-10-05 00:20:43,395 - INFO - Logging into Facebook...
2025-10-05 00:21:12,511 - INFO - Login successful!
2025-10-05 00:21:35,008 - INFO - Scraping category: TECHNOLOGY
2025-10-05 00:21:35,009 - INFO - Search terms: technology, tech, innovation
2025-10-05 00:21:35,009 - INFO - 
[1/3] Searching: technology
2025-10-05 00:22:09,559 - INFO - Extracted 8 posts after 5 scrolls
2025-10-05 00:22:09,560 - INFO - Found 8 posts for 'technology'
2025-10-05 00:22:13,257 - INFO - 
[2/3] Searching: tech
2025-10-05 00:22:28,658 - INFO - Extracted 4 posts after 3 scrolls
2025-10-05 00:22:28,658 - INFO - Found 4 posts for 'tech'
2025-10-05 00:22:31,540 - INFO - 
[3/3] Searching: innovation
2025-10-05 00:22:53,464 - INFO - Extracted 13 posts after 6 scrolls
2025-10-05 00:22:53,465 - INFO - Found 13 posts for 'innovation'
2025-10-05 00:22:57,002 - INFO - 
Collected 31 unique hashtags for technology
2025-10-05 00:22:57,033 - INFO - Saved to facebook_top10_technology_20251005_002257.json
2025-10-05 00:23:00,733 - INFO - HTTP Request: POST https://rnrnbbxnmtajjxscawrc.supabase.co/rest/v1/facebook?columns=%22sentiment_polarity%22%2C%22sentiment_label%22%2C%22metadata%22%2C%22engagement_score%22%2C%22platform%22%2C%22views%22%2C%22topic%2Fhashtag%22%2C%22posts%22%2C%22version_id%22 "HTTP/2 201 Created"
2025-10-05 00:23:00,739 - INFO - Saved 10 records to Supabase!
2025-10-05 00:23:00,739 - INFO - Version ID: a86ffdeb-bba2-437b-9e49-4975ceedce2b
2025-10-05 00:26:00,623 - INFO - Cleanup completed
2025-10-05 11:19:59,518 - INFO - Setting up browser...
2025-10-05 11:20:11,699 - INFO - Browser ready
2025-10-05 11:20:11,700 - INFO - Logging into Facebook...
2025-10-05 11:20:41,433 - INFO - Login successful!
2025-10-05 11:21:41,725 - INFO - Cleanup completed
2025-10-05 11:22:04,470 - INFO - Setting up browser...
2025-10-05 11:22:15,031 - INFO - Browser ready
2025-10-05 11:22:15,031 - INFO - Logging into Facebook...
2025-10-05 11:22:43,897 - INFO - Login successful!
2025-10-05 11:22:50,568 - INFO - Scraping category: TECHNOLOGY
2025-10-05 11:22:50,569 - INFO - Search terms: technology, tech, innovation
2025-10-05 11:22:50,569 - INFO - 
[1/3] Searching: technology
2025-10-05 11:23:15,644 - INFO - Extracted 7 posts after 4 scrolls
2025-10-05 11:23:15,645 - INFO - Found 7 posts for 'technology'
2025-10-05 11:23:17,829 - INFO - 
[2/3] Searching: tech
2025-10-05 11:23:37,674 - INFO - Extracted 4 posts after 3 scrolls
2025-10-05 11:23:37,675 - INFO - Found 4 posts for 'tech'
2025-10-05 11:23:40,301 - INFO - 
[3/3] Searching: innovation
2025-10-05 11:24:01,753 - INFO - Extracted 11 posts after 6 scrolls
2025-10-05 11:24:01,754 - INFO - Found 11 posts for 'innovation'
2025-10-05 11:24:05,692 - INFO - 
Collected 38 unique hashtags for technology
2025-10-05 11:24:05,728 - INFO - Saved to facebook_top10_technology_20251005_112405.json
2025-10-05 11:24:11,296 - INFO - HTTP Request: POST https://rnrnbbxnmtajjxscawrc.supabase.co/rest/v1/facebook?columns=%22sentiment_label%22%2C%22platform%22%2C%22version_id%22%2C%22engagement_score%22%2C%22posts%22%2C%22metadata%22%2C%22views%22%2C%22sentiment_polarity%22%2C%22topic%2Fhashtag%22 "HTTP/2 201 Created"
2025-10-05 11:24:11,302 - INFO - Saved 10 records to Supabase!
2025-10-05 11:24:11,302 - INFO - Version ID: bfb36a50-aac2-4aef-ace2-0fb99c5ee912
2025-10-08 08:42:07,754 - INFO - Setting up browser...
2025-10-08 08:42:30,302 - INFO - Browser ready
2025-10-08 08:42:30,303 - INFO - Logging into Facebook...
2025-10-08 08:43:02,202 - INFO - Login successful!
2025-10-08 08:43:09,453 - INFO - Scraping category: TECHNOLOGY
2025-10-08 08:43:09,454 - INFO - Search terms: technology, tech, innovation
2025-10-08 08:43:09,454 - INFO - 
[1/3] Searching: technology
2025-10-08 08:47:18,270 - INFO - Extracted 8 posts after 6 scrolls
2025-10-08 08:47:18,270 - INFO - Found 8 posts for 'technology'
2025-10-08 08:47:22,192 - INFO - 
[2/3] Searching: tech
2025-10-08 08:47:48,053 - INFO - Extracted 10 posts after 6 scrolls
2025-10-08 08:47:48,054 - INFO - Found 10 posts for 'tech'
2025-10-08 08:47:50,456 - INFO - 
[3/3] Searching: innovation
2025-10-08 08:48:08,050 - INFO - Extracted 7 posts after 4 scrolls
2025-10-08 08:48:08,050 - INFO - Found 7 posts for 'innovation'
2025-10-08 08:48:10,292 - INFO - 
Collected 33 unique hashtags for technology
2025-10-08 08:48:10,309 - INFO - Saved to facebook_top10_technology_20251008_084810.json
2025-10-08 08:48:14,306 - INFO - HTTP Request: POST https://rnrnbbxnmtajjxscawrc.supabase.co/rest/v1/facebook?columns=%22engagement_score%22%2C%22topic%2Fhashtag%22%2C%22sentiment_label%22%2C%22metadata%22%2C%22posts%22%2C%22version_id%22%2C%22views%22%2C%22platform%22%2C%22sentiment_polarity%22 "HTTP/2 201 Created"
2025-10-08 08:48:14,316 - INFO - Saved 10 records to Supabase!
2025-10-08 08:48:14,316 - INFO - Version ID: e6257a18-ccd7-4112-9fc3-0d7282c768fb
2025-10-08 08:48:33,398 - INFO - Cleanup completed
